{"/Users/hanhthaoluu/401/labs/lab-09-persistence/lib/parse-request.js": {"path":"/Users/hanhthaoluu/401/labs/lab-09-persistence/lib/parse-request.js","statementMap":{"0":{"start":{"line":3,"column":12},"end":{"line":3,"column":26}},"1":{"start":{"line":4,"column":20},"end":{"line":4,"column":42}},"2":{"start":{"line":6,"column":0},"end":{"line":50,"column":2}},"3":{"start":{"line":7,"column":2},"end":{"line":48,"column":5}},"4":{"start":{"line":9,"column":4},"end":{"line":9,"column":33}},"5":{"start":{"line":11,"column":4},"end":{"line":11,"column":53}},"6":{"start":{"line":18,"column":4},"end":{"line":20,"column":5}},"7":{"start":{"line":19,"column":6},"end":{"line":19,"column":19}},"8":{"start":{"line":23,"column":15},"end":{"line":23,"column":17}},"9":{"start":{"line":26,"column":4},"end":{"line":28,"column":7}},"10":{"start":{"line":27,"column":6},"end":{"line":27,"column":32}},"11":{"start":{"line":32,"column":4},"end":{"line":45,"column":7}},"12":{"start":{"line":33,"column":6},"end":{"line":44,"column":7}},"13":{"start":{"line":34,"column":8},"end":{"line":37,"column":9}},"14":{"start":{"line":36,"column":10},"end":{"line":36,"column":38}},"15":{"start":{"line":39,"column":8},"end":{"line":39,"column":21}},"16":{"start":{"line":43,"column":8},"end":{"line":43,"column":22}},"17":{"start":{"line":47,"column":4},"end":{"line":47,"column":28}}},"fnMap":{"0":{"name":"(anonymous_0)","decl":{"start":{"line":6,"column":17},"end":{"line":6,"column":18}},"loc":{"start":{"line":6,"column":26},"end":{"line":50,"column":1}},"line":6},"1":{"name":"(anonymous_1)","decl":{"start":{"line":7,"column":22},"end":{"line":7,"column":23}},"loc":{"start":{"line":7,"column":43},"end":{"line":48,"column":3}},"line":7},"2":{"name":"(anonymous_2)","decl":{"start":{"line":26,"column":19},"end":{"line":26,"column":20}},"loc":{"start":{"line":26,"column":31},"end":{"line":28,"column":5}},"line":26},"3":{"name":"(anonymous_3)","decl":{"start":{"line":32,"column":18},"end":{"line":32,"column":19}},"loc":{"start":{"line":32,"column":24},"end":{"line":45,"column":5}},"line":32}},"branchMap":{"0":{"loc":{"start":{"line":18,"column":4},"end":{"line":20,"column":5}},"type":"if","locations":[{"start":{"line":18,"column":4},"end":{"line":20,"column":5}},{"start":{"line":18,"column":4},"end":{"line":20,"column":5}}],"line":18},"1":{"loc":{"start":{"line":18,"column":10},"end":{"line":18,"column":80}},"type":"binary-expr","locations":[{"start":{"line":18,"column":10},"end":{"line":18,"column":30}},{"start":{"line":18,"column":33},"end":{"line":18,"column":54}},{"start":{"line":18,"column":58},"end":{"line":18,"column":80}}],"line":18},"2":{"loc":{"start":{"line":34,"column":8},"end":{"line":37,"column":9}},"type":"if","locations":[{"start":{"line":34,"column":8},"end":{"line":37,"column":9}},{"start":{"line":34,"column":8},"end":{"line":37,"column":9}}],"line":34}},"s":{"0":2,"1":2,"2":2,"3":3,"4":3,"5":3,"6":3,"7":0,"8":3,"9":3,"10":3,"11":3,"12":3,"13":3,"14":3,"15":3,"16":0,"17":3},"f":{"0":3,"1":3,"2":3,"3":3},"b":{"0":[0,3],"1":[3,3,0],"2":[3,0]},"_coverageSchema":"332fd63041d2c1bcb487cc26dd0d5f7d97098a6c","hash":"a2c13b90856abc91bc7ac7b59b66e102b35b123f"}
,"/Users/hanhthaoluu/401/labs/lab-09-persistence/lib/router.js": {"path":"/Users/hanhthaoluu/401/labs/lab-09-persistence/lib/router.js","statementMap":{"0":{"start":{"line":3,"column":15},"end":{"line":3,"column":41}},"1":{"start":{"line":12,"column":22},"end":{"line":20,"column":1}},"2":{"start":{"line":23,"column":0},"end":{"line":70,"column":2}},"3":{"start":{"line":25,"column":4},"end":{"line":25,"column":38}},"4":{"start":{"line":28,"column":4},"end":{"line":28,"column":39}},"5":{"start":{"line":31,"column":4},"end":{"line":31,"column":38}},"6":{"start":{"line":34,"column":4},"end":{"line":34,"column":40}},"7":{"start":{"line":37,"column":4},"end":{"line":37,"column":41}},"8":{"start":{"line":51,"column":4},"end":{"line":68,"column":9}},"9":{"start":{"line":54,"column":22},"end":{"line":54,"column":65}},"10":{"start":{"line":55,"column":8},"end":{"line":61,"column":9}},"11":{"start":{"line":56,"column":10},"end":{"line":56,"column":34}},"12":{"start":{"line":58,"column":10},"end":{"line":58,"column":55}},"13":{"start":{"line":59,"column":10},"end":{"line":59,"column":29}},"14":{"start":{"line":60,"column":10},"end":{"line":60,"column":20}},"15":{"start":{"line":65,"column":8},"end":{"line":65,"column":46}},"16":{"start":{"line":66,"column":8},"end":{"line":66,"column":27}},"17":{"start":{"line":67,"column":8},"end":{"line":67,"column":18}}},"fnMap":{"0":{"name":"(anonymous_0)","decl":{"start":{"line":24,"column":7},"end":{"line":24,"column":8}},"loc":{"start":{"line":24,"column":26},"end":{"line":26,"column":3}},"line":24},"1":{"name":"(anonymous_1)","decl":{"start":{"line":27,"column":8},"end":{"line":27,"column":9}},"loc":{"start":{"line":27,"column":27},"end":{"line":29,"column":3}},"line":27},"2":{"name":"(anonymous_2)","decl":{"start":{"line":30,"column":7},"end":{"line":30,"column":8}},"loc":{"start":{"line":30,"column":26},"end":{"line":32,"column":3}},"line":30},"3":{"name":"(anonymous_3)","decl":{"start":{"line":33,"column":9},"end":{"line":33,"column":10}},"loc":{"start":{"line":33,"column":28},"end":{"line":35,"column":3}},"line":33},"4":{"name":"(anonymous_4)","decl":{"start":{"line":36,"column":10},"end":{"line":36,"column":11}},"loc":{"start":{"line":36,"column":29},"end":{"line":38,"column":3}},"line":36},"5":{"name":"(anonymous_5)","decl":{"start":{"line":44,"column":9},"end":{"line":44,"column":10}},"loc":{"start":{"line":44,"column":23},"end":{"line":69,"column":3}},"line":44},"6":{"name":"(anonymous_6)","decl":{"start":{"line":52,"column":13},"end":{"line":52,"column":14}},"loc":{"start":{"line":52,"column":22},"end":{"line":62,"column":7}},"line":52},"7":{"name":"(anonymous_7)","decl":{"start":{"line":64,"column":13},"end":{"line":64,"column":14}},"loc":{"start":{"line":64,"column":24},"end":{"line":68,"column":7}},"line":64}},"branchMap":{"0":{"loc":{"start":{"line":55,"column":8},"end":{"line":61,"column":9}},"type":"if","locations":[{"start":{"line":55,"column":8},"end":{"line":61,"column":9}},{"start":{"line":55,"column":8},"end":{"line":61,"column":9}}],"line":55}},"s":{"0":2,"1":2,"2":2,"3":1,"4":1,"5":0,"6":0,"7":1,"8":3,"9":3,"10":3,"11":3,"12":0,"13":0,"14":0,"15":0,"16":0,"17":0},"f":{"0":1,"1":1,"2":0,"3":0,"4":1,"5":3,"6":3,"7":0},"b":{"0":[3,0]},"_coverageSchema":"332fd63041d2c1bcb487cc26dd0d5f7d97098a6c","hash":"1a5ab7d47f6a830f6b3bdc7d15937d7647cf48fd"}
,"/Users/hanhthaoluu/401/labs/lab-09-persistence/lib/server.js": {"path":"/Users/hanhthaoluu/401/labs/lab-09-persistence/lib/server.js","statementMap":{"0":{"start":{"line":3,"column":13},"end":{"line":3,"column":28}},"1":{"start":{"line":4,"column":15},"end":{"line":4,"column":34}},"2":{"start":{"line":5,"column":19},"end":{"line":5,"column":48}},"3":{"start":{"line":7,"column":16},"end":{"line":7,"column":21}},"4":{"start":{"line":10,"column":12},"end":{"line":10,"column":43}},"5":{"start":{"line":14,"column":0},"end":{"line":49,"column":2}},"6":{"start":{"line":17,"column":4},"end":{"line":30,"column":7}},"7":{"start":{"line":18,"column":6},"end":{"line":29,"column":7}},"8":{"start":{"line":19,"column":8},"end":{"line":26,"column":11}},"9":{"start":{"line":20,"column":10},"end":{"line":25,"column":11}},"10":{"start":{"line":21,"column":12},"end":{"line":21,"column":26}},"11":{"start":{"line":23,"column":12},"end":{"line":23,"column":29}},"12":{"start":{"line":24,"column":12},"end":{"line":24,"column":52}},"13":{"start":{"line":28,"column":8},"end":{"line":28,"column":44}},"14":{"start":{"line":34,"column":4},"end":{"line":47,"column":7}},"15":{"start":{"line":35,"column":6},"end":{"line":46,"column":7}},"16":{"start":{"line":36,"column":8},"end":{"line":36,"column":52}},"17":{"start":{"line":38,"column":8},"end":{"line":45,"column":11}},"18":{"start":{"line":39,"column":10},"end":{"line":44,"column":11}},"19":{"start":{"line":40,"column":12},"end":{"line":40,"column":27}},"20":{"start":{"line":42,"column":12},"end":{"line":42,"column":30}},"21":{"start":{"line":43,"column":12},"end":{"line":43,"column":37}}},"fnMap":{"0":{"name":"(anonymous_0)","decl":{"start":{"line":16,"column":9},"end":{"line":16,"column":10}},"loc":{"start":{"line":16,"column":19},"end":{"line":31,"column":3}},"line":16},"1":{"name":"(anonymous_1)","decl":{"start":{"line":17,"column":25},"end":{"line":17,"column":26}},"loc":{"start":{"line":17,"column":46},"end":{"line":30,"column":5}},"line":17},"2":{"name":"(anonymous_2)","decl":{"start":{"line":19,"column":25},"end":{"line":19,"column":26}},"loc":{"start":{"line":19,"column":36},"end":{"line":26,"column":9}},"line":19},"3":{"name":"(anonymous_3)","decl":{"start":{"line":33,"column":8},"end":{"line":33,"column":9}},"loc":{"start":{"line":33,"column":14},"end":{"line":48,"column":3}},"line":33},"4":{"name":"(anonymous_4)","decl":{"start":{"line":34,"column":24},"end":{"line":34,"column":25}},"loc":{"start":{"line":34,"column":45},"end":{"line":47,"column":5}},"line":34},"5":{"name":"(anonymous_5)","decl":{"start":{"line":38,"column":19},"end":{"line":38,"column":20}},"loc":{"start":{"line":38,"column":28},"end":{"line":45,"column":9}},"line":38}},"branchMap":{"0":{"loc":{"start":{"line":18,"column":6},"end":{"line":29,"column":7}},"type":"if","locations":[{"start":{"line":18,"column":6},"end":{"line":29,"column":7}},{"start":{"line":18,"column":6},"end":{"line":29,"column":7}}],"line":18},"1":{"loc":{"start":{"line":20,"column":10},"end":{"line":25,"column":11}},"type":"if","locations":[{"start":{"line":20,"column":10},"end":{"line":25,"column":11}},{"start":{"line":20,"column":10},"end":{"line":25,"column":11}}],"line":20},"2":{"loc":{"start":{"line":35,"column":6},"end":{"line":46,"column":7}},"type":"if","locations":[{"start":{"line":35,"column":6},"end":{"line":46,"column":7}},{"start":{"line":35,"column":6},"end":{"line":46,"column":7}}],"line":35},"3":{"loc":{"start":{"line":39,"column":10},"end":{"line":44,"column":11}},"type":"if","locations":[{"start":{"line":39,"column":10},"end":{"line":44,"column":11}},{"start":{"line":39,"column":10},"end":{"line":44,"column":11}}],"line":39}},"s":{"0":1,"1":1,"2":1,"3":1,"4":1,"5":1,"6":1,"7":1,"8":1,"9":1,"10":0,"11":1,"12":1,"13":0,"14":1,"15":1,"16":0,"17":1,"18":1,"19":0,"20":1,"21":1},"f":{"0":1,"1":1,"2":1,"3":1,"4":1,"5":1},"b":{"0":[1,0],"1":[0,1],"2":[0,1],"3":[0,1]},"_coverageSchema":"332fd63041d2c1bcb487cc26dd0d5f7d97098a6c","hash":"ca83ca6898982b0154ea7b90fae66ad28011e189"}
,"/Users/hanhthaoluu/401/labs/lab-09-persistence/lib/storage.js": {"path":"/Users/hanhthaoluu/401/labs/lab-09-persistence/lib/storage.js","statementMap":{"0":{"start":{"line":4,"column":11},"end":{"line":4,"column":30}},"1":{"start":{"line":9,"column":4},"end":{"line":9,"column":27}},"2":{"start":{"line":10,"column":4},"end":{"line":12,"column":74}},"3":{"start":{"line":12,"column":23},"end":{"line":12,"column":71}},"4":{"start":{"line":16,"column":4},"end":{"line":16,"column":42}},"5":{"start":{"line":20,"column":4},"end":{"line":28,"column":7}},"6":{"start":{"line":21,"column":6},"end":{"line":21,"column":44}},"7":{"start":{"line":21,"column":17},"end":{"line":21,"column":43}},"8":{"start":{"line":22,"column":6},"end":{"line":27,"column":41}},"9":{"start":{"line":24,"column":10},"end":{"line":25,"column":74}},"10":{"start":{"line":24,"column":25},"end":{"line":24,"column":43}},"11":{"start":{"line":25,"column":17},"end":{"line":25,"column":73}},"12":{"start":{"line":27,"column":25},"end":{"line":27,"column":38}},"13":{"start":{"line":32,"column":4},"end":{"line":41,"column":7}},"14":{"start":{"line":33,"column":6},"end":{"line":40,"column":39}},"15":{"start":{"line":35,"column":10},"end":{"line":35,"column":31}},"16":{"start":{"line":36,"column":10},"end":{"line":38,"column":45}},"17":{"start":{"line":37,"column":25},"end":{"line":37,"column":38}},"18":{"start":{"line":38,"column":29},"end":{"line":38,"column":42}},"19":{"start":{"line":40,"column":24},"end":{"line":40,"column":37}},"20":{"start":{"line":45,"column":4},"end":{"line":61,"column":7}},"21":{"start":{"line":47,"column":6},"end":{"line":47,"column":43}},"22":{"start":{"line":47,"column":16},"end":{"line":47,"column":42}},"23":{"start":{"line":49,"column":6},"end":{"line":60,"column":41}},"24":{"start":{"line":51,"column":10},"end":{"line":58,"column":11}},"25":{"start":{"line":52,"column":12},"end":{"line":52,"column":28}},"26":{"start":{"line":53,"column":12},"end":{"line":55,"column":47}},"27":{"start":{"line":54,"column":27},"end":{"line":54,"column":40}},"28":{"start":{"line":55,"column":31},"end":{"line":55,"column":44}},"29":{"start":{"line":57,"column":12},"end":{"line":57,"column":68}},"30":{"start":{"line":60,"column":25},"end":{"line":60,"column":38}},"31":{"start":{"line":65,"column":0},"end":{"line":65,"column":53}},"32":{"start":{"line":65,"column":27},"end":{"line":65,"column":50}}},"fnMap":{"0":{"name":"(anonymous_0)","decl":{"start":{"line":8,"column":2},"end":{"line":8,"column":3}},"loc":{"start":{"line":8,"column":19},"end":{"line":13,"column":3}},"line":8},"1":{"name":"(anonymous_1)","decl":{"start":{"line":12,"column":13},"end":{"line":12,"column":14}},"loc":{"start":{"line":12,"column":23},"end":{"line":12,"column":71}},"line":12},"2":{"name":"(anonymous_2)","decl":{"start":{"line":15,"column":2},"end":{"line":15,"column":3}},"loc":{"start":{"line":15,"column":13},"end":{"line":17,"column":3}},"line":15},"3":{"name":"(anonymous_3)","decl":{"start":{"line":19,"column":2},"end":{"line":19,"column":3}},"loc":{"start":{"line":19,"column":14},"end":{"line":29,"column":3}},"line":19},"4":{"name":"(anonymous_4)","decl":{"start":{"line":20,"column":24},"end":{"line":20,"column":25}},"loc":{"start":{"line":20,"column":45},"end":{"line":28,"column":5}},"line":20},"5":{"name":"(anonymous_5)","decl":{"start":{"line":23,"column":15},"end":{"line":23,"column":16}},"loc":{"start":{"line":23,"column":23},"end":{"line":26,"column":9}},"line":23},"6":{"name":"(anonymous_6)","decl":{"start":{"line":27,"column":16},"end":{"line":27,"column":17}},"loc":{"start":{"line":27,"column":25},"end":{"line":27,"column":38}},"line":27},"7":{"name":"(anonymous_7)","decl":{"start":{"line":31,"column":2},"end":{"line":31,"column":3}},"loc":{"start":{"line":31,"column":17},"end":{"line":42,"column":3}},"line":31},"8":{"name":"(anonymous_8)","decl":{"start":{"line":32,"column":24},"end":{"line":32,"column":25}},"loc":{"start":{"line":32,"column":45},"end":{"line":41,"column":5}},"line":32},"9":{"name":"(anonymous_9)","decl":{"start":{"line":34,"column":15},"end":{"line":34,"column":16}},"loc":{"start":{"line":34,"column":23},"end":{"line":39,"column":9}},"line":34},"10":{"name":"(anonymous_10)","decl":{"start":{"line":37,"column":19},"end":{"line":37,"column":20}},"loc":{"start":{"line":37,"column":25},"end":{"line":37,"column":38}},"line":37},"11":{"name":"(anonymous_11)","decl":{"start":{"line":38,"column":20},"end":{"line":38,"column":21}},"loc":{"start":{"line":38,"column":29},"end":{"line":38,"column":42}},"line":38},"12":{"name":"(anonymous_12)","decl":{"start":{"line":40,"column":15},"end":{"line":40,"column":16}},"loc":{"start":{"line":40,"column":24},"end":{"line":40,"column":37}},"line":40},"13":{"name":"(anonymous_13)","decl":{"start":{"line":44,"column":2},"end":{"line":44,"column":3}},"loc":{"start":{"line":44,"column":18},"end":{"line":62,"column":3}},"line":44},"14":{"name":"(anonymous_14)","decl":{"start":{"line":45,"column":25},"end":{"line":45,"column":26}},"loc":{"start":{"line":45,"column":46},"end":{"line":61,"column":5}},"line":45},"15":{"name":"(anonymous_15)","decl":{"start":{"line":50,"column":15},"end":{"line":50,"column":16}},"loc":{"start":{"line":50,"column":23},"end":{"line":59,"column":9}},"line":50},"16":{"name":"(anonymous_16)","decl":{"start":{"line":54,"column":21},"end":{"line":54,"column":22}},"loc":{"start":{"line":54,"column":27},"end":{"line":54,"column":40}},"line":54},"17":{"name":"(anonymous_17)","decl":{"start":{"line":55,"column":22},"end":{"line":55,"column":23}},"loc":{"start":{"line":55,"column":31},"end":{"line":55,"column":44}},"line":55},"18":{"name":"(anonymous_18)","decl":{"start":{"line":60,"column":16},"end":{"line":60,"column":17}},"loc":{"start":{"line":60,"column":25},"end":{"line":60,"column":38}},"line":60},"19":{"name":"(anonymous_19)","decl":{"start":{"line":65,"column":17},"end":{"line":65,"column":18}},"loc":{"start":{"line":65,"column":25},"end":{"line":65,"column":52}},"line":65}},"branchMap":{"0":{"loc":{"start":{"line":12,"column":23},"end":{"line":12,"column":71}},"type":"binary-expr","locations":[{"start":{"line":12,"column":23},"end":{"line":12,"column":31}},{"start":{"line":12,"column":35},"end":{"line":12,"column":71}}],"line":12},"1":{"loc":{"start":{"line":21,"column":6},"end":{"line":21,"column":44}},"type":"if","locations":[{"start":{"line":21,"column":6},"end":{"line":21,"column":44}},{"start":{"line":21,"column":6},"end":{"line":21,"column":44}}],"line":21},"2":{"loc":{"start":{"line":24,"column":10},"end":{"line":25,"column":74}},"type":"if","locations":[{"start":{"line":24,"column":10},"end":{"line":25,"column":74}},{"start":{"line":24,"column":10},"end":{"line":25,"column":74}}],"line":24},"3":{"loc":{"start":{"line":47,"column":6},"end":{"line":47,"column":43}},"type":"if","locations":[{"start":{"line":47,"column":6},"end":{"line":47,"column":43}},{"start":{"line":47,"column":6},"end":{"line":47,"column":43}}],"line":47},"4":{"loc":{"start":{"line":51,"column":10},"end":{"line":58,"column":11}},"type":"if","locations":[{"start":{"line":51,"column":10},"end":{"line":58,"column":11}},{"start":{"line":51,"column":10},"end":{"line":58,"column":11}}],"line":51}},"s":{"0":3,"1":3,"2":3,"3":3,"4":3,"5":0,"6":0,"7":0,"8":0,"9":0,"10":0,"11":0,"12":0,"13":3,"14":3,"15":3,"16":2,"17":2,"18":0,"19":1,"20":0,"21":0,"22":0,"23":0,"24":0,"25":0,"26":0,"27":0,"28":0,"29":0,"30":0,"31":3,"32":3},"f":{"0":3,"1":3,"2":3,"3":0,"4":0,"5":0,"6":0,"7":3,"8":3,"9":3,"10":2,"11":0,"12":1,"13":0,"14":0,"15":0,"16":0,"17":0,"18":0,"19":3},"b":{"0":[3,0],"1":[0,0],"2":[0,0],"3":[0,0],"4":[0,0]},"_coverageSchema":"332fd63041d2c1bcb487cc26dd0d5f7d97098a6c","hash":"a081f4f441002243f15b11b0eaba450facbc6bd2"}
,"/Users/hanhthaoluu/401/labs/lab-09-persistence/model/note.js": {"path":"/Users/hanhthaoluu/401/labs/lab-09-persistence/model/note.js","statementMap":{"0":{"start":{"line":3,"column":13},"end":{"line":3,"column":31}},"1":{"start":{"line":8,"column":4},"end":{"line":8,"column":21}},"2":{"start":{"line":9,"column":4},"end":{"line":9,"column":36}},"3":{"start":{"line":10,"column":4},"end":{"line":10,"column":32}},"4":{"start":{"line":11,"column":4},"end":{"line":11,"column":40}},"5":{"start":{"line":16,"column":26},"end":{"line":16,"column":130}},"6":{"start":{"line":18,"column":4},"end":{"line":18,"column":27}},"7":{"start":{"line":22,"column":0},"end":{"line":22,"column":22}}},"fnMap":{"0":{"name":"(anonymous_0)","decl":{"start":{"line":7,"column":2},"end":{"line":7,"column":3}},"loc":{"start":{"line":7,"column":22},"end":{"line":12,"column":3}},"line":7},"1":{"name":"(anonymous_1)","decl":{"start":{"line":15,"column":2},"end":{"line":15,"column":3}},"loc":{"start":{"line":15,"column":13},"end":{"line":19,"column":3}},"line":15}},"branchMap":{"0":{"loc":{"start":{"line":9,"column":17},"end":{"line":9,"column":35}},"type":"binary-expr","locations":[{"start":{"line":9,"column":17},"end":{"line":9,"column":29}},{"start":{"line":9,"column":33},"end":{"line":9,"column":35}}],"line":9},"1":{"loc":{"start":{"line":11,"column":19},"end":{"line":11,"column":39}},"type":"binary-expr","locations":[{"start":{"line":11,"column":19},"end":{"line":11,"column":33}},{"start":{"line":11,"column":37},"end":{"line":11,"column":39}}],"line":11}},"s":{"0":2,"1":1,"2":1,"3":1,"4":1,"5":0,"6":0,"7":2},"f":{"0":1,"1":0},"b":{"0":[1,0],"1":[1,0]},"_coverageSchema":"332fd63041d2c1bcb487cc26dd0d5f7d97098a6c","hash":"962c1761b0bd1a3646eb0531d6130d40653580ef"}
,"/Users/hanhthaoluu/401/labs/lab-09-persistence/model/noteHandlers.js": {"path":"/Users/hanhthaoluu/401/labs/lab-09-persistence/model/noteHandlers.js","statementMap":{"0":{"start":{"line":3,"column":13},"end":{"line":3,"column":37}},"1":{"start":{"line":4,"column":15},"end":{"line":4,"column":39}},"2":{"start":{"line":5,"column":15},"end":{"line":5,"column":37}},"3":{"start":{"line":7,"column":21},"end":{"line":7,"column":59}},"4":{"start":{"line":11,"column":16},"end":{"line":11,"column":55}},"5":{"start":{"line":13,"column":17},"end":{"line":13,"column":36}},"6":{"start":{"line":15,"column":0},"end":{"line":29,"column":2}},"7":{"start":{"line":17,"column":2},"end":{"line":19,"column":3}},"8":{"start":{"line":18,"column":4},"end":{"line":18,"column":53}},"9":{"start":{"line":20,"column":2},"end":{"line":22,"column":3}},"10":{"start":{"line":21,"column":4},"end":{"line":21,"column":55}},"11":{"start":{"line":24,"column":13},"end":{"line":24,"column":31}},"12":{"start":{"line":26,"column":2},"end":{"line":28,"column":53}},"13":{"start":{"line":27,"column":18},"end":{"line":27,"column":45}},"14":{"start":{"line":28,"column":20},"end":{"line":28,"column":51}},"15":{"start":{"line":31,"column":0},"end":{"line":44,"column":2}},"16":{"start":{"line":33,"column":11},"end":{"line":33,"column":55}},"17":{"start":{"line":35,"column":2},"end":{"line":43,"column":3}},"18":{"start":{"line":36,"column":4},"end":{"line":38,"column":55}},"19":{"start":{"line":37,"column":20},"end":{"line":37,"column":47}},"20":{"start":{"line":38,"column":22},"end":{"line":38,"column":53}},"21":{"start":{"line":40,"column":4},"end":{"line":42,"column":55}},"22":{"start":{"line":41,"column":24},"end":{"line":41,"column":55}},"23":{"start":{"line":42,"column":22},"end":{"line":42,"column":53}},"24":{"start":{"line":46,"column":0},"end":{"line":55,"column":2}},"25":{"start":{"line":48,"column":11},"end":{"line":48,"column":55}},"26":{"start":{"line":50,"column":2},"end":{"line":54,"column":3}},"27":{"start":{"line":51,"column":4},"end":{"line":53,"column":55}},"28":{"start":{"line":53,"column":22},"end":{"line":53,"column":53}}},"fnMap":{"0":{"name":"(anonymous_0)","decl":{"start":{"line":15,"column":16},"end":{"line":15,"column":17}},"loc":{"start":{"line":15,"column":29},"end":{"line":29,"column":1}},"line":15},"1":{"name":"(anonymous_1)","decl":{"start":{"line":27,"column":10},"end":{"line":27,"column":11}},"loc":{"start":{"line":27,"column":18},"end":{"line":27,"column":45}},"line":27},"2":{"name":"(anonymous_2)","decl":{"start":{"line":28,"column":11},"end":{"line":28,"column":12}},"loc":{"start":{"line":28,"column":20},"end":{"line":28,"column":51}},"line":28},"3":{"name":"(anonymous_3)","decl":{"start":{"line":31,"column":15},"end":{"line":31,"column":16}},"loc":{"start":{"line":31,"column":28},"end":{"line":44,"column":1}},"line":31},"4":{"name":"(anonymous_4)","decl":{"start":{"line":37,"column":12},"end":{"line":37,"column":13}},"loc":{"start":{"line":37,"column":20},"end":{"line":37,"column":47}},"line":37},"5":{"name":"(anonymous_5)","decl":{"start":{"line":38,"column":13},"end":{"line":38,"column":14}},"loc":{"start":{"line":38,"column":22},"end":{"line":38,"column":53}},"line":38},"6":{"name":"(anonymous_6)","decl":{"start":{"line":41,"column":12},"end":{"line":41,"column":13}},"loc":{"start":{"line":41,"column":24},"end":{"line":41,"column":55}},"line":41},"7":{"name":"(anonymous_7)","decl":{"start":{"line":42,"column":13},"end":{"line":42,"column":14}},"loc":{"start":{"line":42,"column":22},"end":{"line":42,"column":53}},"line":42},"8":{"name":"(anonymous_8)","decl":{"start":{"line":46,"column":18},"end":{"line":46,"column":19}},"loc":{"start":{"line":46,"column":31},"end":{"line":55,"column":1}},"line":46},"9":{"name":"(anonymous_9)","decl":{"start":{"line":53,"column":13},"end":{"line":53,"column":14}},"loc":{"start":{"line":53,"column":22},"end":{"line":53,"column":53}},"line":53}},"branchMap":{"0":{"loc":{"start":{"line":17,"column":2},"end":{"line":19,"column":3}},"type":"if","locations":[{"start":{"line":17,"column":2},"end":{"line":19,"column":3}},{"start":{"line":17,"column":2},"end":{"line":19,"column":3}}],"line":17},"1":{"loc":{"start":{"line":20,"column":2},"end":{"line":22,"column":3}},"type":"if","locations":[{"start":{"line":20,"column":2},"end":{"line":22,"column":3}},{"start":{"line":20,"column":2},"end":{"line":22,"column":3}}],"line":20},"2":{"loc":{"start":{"line":33,"column":11},"end":{"line":33,"column":55}},"type":"binary-expr","locations":[{"start":{"line":33,"column":11},"end":{"line":33,"column":18}},{"start":{"line":33,"column":22},"end":{"line":33,"column":35}},{"start":{"line":33,"column":39},"end":{"line":33,"column":55}}],"line":33},"3":{"loc":{"start":{"line":35,"column":2},"end":{"line":43,"column":3}},"type":"if","locations":[{"start":{"line":35,"column":2},"end":{"line":43,"column":3}},{"start":{"line":35,"column":2},"end":{"line":43,"column":3}}],"line":35},"4":{"loc":{"start":{"line":48,"column":11},"end":{"line":48,"column":55}},"type":"binary-expr","locations":[{"start":{"line":48,"column":11},"end":{"line":48,"column":18}},{"start":{"line":48,"column":22},"end":{"line":48,"column":35}},{"start":{"line":48,"column":39},"end":{"line":48,"column":55}}],"line":48},"5":{"loc":{"start":{"line":50,"column":2},"end":{"line":54,"column":3}},"type":"if","locations":[{"start":{"line":50,"column":2},"end":{"line":54,"column":3}},{"start":{"line":50,"column":2},"end":{"line":54,"column":3}}],"line":50}},"s":{"0":1,"1":1,"2":1,"3":1,"4":1,"5":1,"6":1,"7":2,"8":2,"9":0,"10":0,"11":0,"12":0,"13":0,"14":0,"15":1,"16":0,"17":0,"18":0,"19":0,"20":0,"21":0,"22":0,"23":0,"24":1,"25":0,"26":0,"27":0,"28":0},"f":{"0":2,"1":0,"2":0,"3":0,"4":0,"5":0,"6":0,"7":0,"8":0,"9":0},"b":{"0":[2,0],"1":[0,0],"2":[0,0,0],"3":[0,0],"4":[0,0,0],"5":[0,0]},"_coverageSchema":"332fd63041d2c1bcb487cc26dd0d5f7d97098a6c","hash":"8af3a1530177a66a04cdcc25a67621804a95faae"}
,"/Users/hanhthaoluu/401/labs/lab-09-persistence/model/noteRoute.js": {"path":"/Users/hanhthaoluu/401/labs/lab-09-persistence/model/noteRoute.js","statementMap":{"0":{"start":{"line":3,"column":13},"end":{"line":3,"column":37}},"1":{"start":{"line":4,"column":15},"end":{"line":4,"column":39}},"2":{"start":{"line":6,"column":21},"end":{"line":6,"column":59}},"3":{"start":{"line":7,"column":16},"end":{"line":7,"column":55}},"4":{"start":{"line":11,"column":17},"end":{"line":15,"column":1}},"5":{"start":{"line":12,"column":2},"end":{"line":12,"column":24}},"6":{"start":{"line":13,"column":2},"end":{"line":13,"column":18}},"7":{"start":{"line":14,"column":2},"end":{"line":14,"column":12}},"8":{"start":{"line":17,"column":15},"end":{"line":22,"column":1}},"9":{"start":{"line":18,"column":2},"end":{"line":20,"column":5}},"10":{"start":{"line":21,"column":2},"end":{"line":21,"column":32}},"11":{"start":{"line":25,"column":0},"end":{"line":38,"column":3}},"12":{"start":{"line":26,"column":2},"end":{"line":28,"column":3}},"13":{"start":{"line":27,"column":4},"end":{"line":27,"column":52}},"14":{"start":{"line":29,"column":2},"end":{"line":31,"column":3}},"15":{"start":{"line":30,"column":4},"end":{"line":30,"column":54}},"16":{"start":{"line":33,"column":13},"end":{"line":33,"column":31}},"17":{"start":{"line":35,"column":2},"end":{"line":37,"column":51}},"18":{"start":{"line":36,"column":19},"end":{"line":36,"column":43}},"19":{"start":{"line":37,"column":21},"end":{"line":37,"column":48}},"20":{"start":{"line":40,"column":0},"end":{"line":52,"column":3}},"21":{"start":{"line":41,"column":11},"end":{"line":41,"column":55}},"22":{"start":{"line":43,"column":2},"end":{"line":51,"column":3}},"23":{"start":{"line":44,"column":4},"end":{"line":46,"column":53}},"24":{"start":{"line":45,"column":21},"end":{"line":45,"column":45}},"25":{"start":{"line":46,"column":23},"end":{"line":46,"column":50}},"26":{"start":{"line":48,"column":4},"end":{"line":50,"column":53}},"27":{"start":{"line":49,"column":25},"end":{"line":49,"column":53}},"28":{"start":{"line":50,"column":23},"end":{"line":50,"column":50}},"29":{"start":{"line":54,"column":0},"end":{"line":62,"column":3}},"30":{"start":{"line":55,"column":11},"end":{"line":55,"column":55}},"31":{"start":{"line":57,"column":2},"end":{"line":61,"column":3}},"32":{"start":{"line":58,"column":4},"end":{"line":60,"column":51}},"33":{"start":{"line":60,"column":22},"end":{"line":60,"column":49}}},"fnMap":{"0":{"name":"(anonymous_0)","decl":{"start":{"line":11,"column":17},"end":{"line":11,"column":18}},"loc":{"start":{"line":11,"column":40},"end":{"line":15,"column":1}},"line":11},"1":{"name":"(anonymous_1)","decl":{"start":{"line":17,"column":15},"end":{"line":17,"column":16}},"loc":{"start":{"line":17,"column":38},"end":{"line":22,"column":1}},"line":17},"2":{"name":"(anonymous_2)","decl":{"start":{"line":25,"column":26},"end":{"line":25,"column":27}},"loc":{"start":{"line":25,"column":39},"end":{"line":38,"column":1}},"line":25},"3":{"name":"(anonymous_3)","decl":{"start":{"line":36,"column":11},"end":{"line":36,"column":12}},"loc":{"start":{"line":36,"column":19},"end":{"line":36,"column":43}},"line":36},"4":{"name":"(anonymous_4)","decl":{"start":{"line":37,"column":12},"end":{"line":37,"column":13}},"loc":{"start":{"line":37,"column":21},"end":{"line":37,"column":48}},"line":37},"5":{"name":"(anonymous_5)","decl":{"start":{"line":40,"column":25},"end":{"line":40,"column":26}},"loc":{"start":{"line":40,"column":38},"end":{"line":52,"column":1}},"line":40},"6":{"name":"(anonymous_6)","decl":{"start":{"line":45,"column":13},"end":{"line":45,"column":14}},"loc":{"start":{"line":45,"column":21},"end":{"line":45,"column":45}},"line":45},"7":{"name":"(anonymous_7)","decl":{"start":{"line":46,"column":14},"end":{"line":46,"column":15}},"loc":{"start":{"line":46,"column":23},"end":{"line":46,"column":50}},"line":46},"8":{"name":"(anonymous_8)","decl":{"start":{"line":49,"column":13},"end":{"line":49,"column":14}},"loc":{"start":{"line":49,"column":25},"end":{"line":49,"column":53}},"line":49},"9":{"name":"(anonymous_9)","decl":{"start":{"line":50,"column":14},"end":{"line":50,"column":15}},"loc":{"start":{"line":50,"column":23},"end":{"line":50,"column":50}},"line":50},"10":{"name":"(anonymous_10)","decl":{"start":{"line":54,"column":28},"end":{"line":54,"column":29}},"loc":{"start":{"line":54,"column":41},"end":{"line":62,"column":1}},"line":54},"11":{"name":"(anonymous_11)","decl":{"start":{"line":60,"column":13},"end":{"line":60,"column":14}},"loc":{"start":{"line":60,"column":22},"end":{"line":60,"column":49}},"line":60}},"branchMap":{"0":{"loc":{"start":{"line":26,"column":2},"end":{"line":28,"column":3}},"type":"if","locations":[{"start":{"line":26,"column":2},"end":{"line":28,"column":3}},{"start":{"line":26,"column":2},"end":{"line":28,"column":3}}],"line":26},"1":{"loc":{"start":{"line":29,"column":2},"end":{"line":31,"column":3}},"type":"if","locations":[{"start":{"line":29,"column":2},"end":{"line":31,"column":3}},{"start":{"line":29,"column":2},"end":{"line":31,"column":3}}],"line":29},"2":{"loc":{"start":{"line":41,"column":11},"end":{"line":41,"column":55}},"type":"binary-expr","locations":[{"start":{"line":41,"column":11},"end":{"line":41,"column":18}},{"start":{"line":41,"column":22},"end":{"line":41,"column":35}},{"start":{"line":41,"column":39},"end":{"line":41,"column":55}}],"line":41},"3":{"loc":{"start":{"line":43,"column":2},"end":{"line":51,"column":3}},"type":"if","locations":[{"start":{"line":43,"column":2},"end":{"line":51,"column":3}},{"start":{"line":43,"column":2},"end":{"line":51,"column":3}}],"line":43},"4":{"loc":{"start":{"line":55,"column":11},"end":{"line":55,"column":55}},"type":"binary-expr","locations":[{"start":{"line":55,"column":11},"end":{"line":55,"column":18}},{"start":{"line":55,"column":22},"end":{"line":55,"column":35}},{"start":{"line":55,"column":39},"end":{"line":55,"column":55}}],"line":55},"5":{"loc":{"start":{"line":57,"column":2},"end":{"line":61,"column":3}},"type":"if","locations":[{"start":{"line":57,"column":2},"end":{"line":61,"column":3}},{"start":{"line":57,"column":2},"end":{"line":61,"column":3}}],"line":57}},"s":{"0":1,"1":1,"2":1,"3":1,"4":1,"5":2,"6":2,"7":2,"8":1,"9":1,"10":1,"11":1,"12":3,"13":1,"14":2,"15":1,"16":1,"17":1,"18":1,"19":0,"20":1,"21":0,"22":0,"23":0,"24":0,"25":0,"26":0,"27":0,"28":0,"29":1,"30":0,"31":0,"32":0,"33":0},"f":{"0":2,"1":1,"2":3,"3":1,"4":0,"5":0,"6":0,"7":0,"8":0,"9":0,"10":0,"11":0},"b":{"0":[1,2],"1":[1,1],"2":[0,0,0],"3":[0,0],"4":[0,0,0],"5":[0,0]},"_coverageSchema":"332fd63041d2c1bcb487cc26dd0d5f7d97098a6c","hash":"01a1e8d5fb2a65f372470832993eab9893bcfc40"}
}
