TN:
SF:/Users/hanhthaoluu/401/labs/lab-09-persistence/lib/parse-request.js
FN:6,(anonymous_0)
FN:7,(anonymous_1)
FN:26,(anonymous_2)
FN:32,(anonymous_3)
FNF:4
FNH:4
FNDA:3,(anonymous_0)
FNDA:3,(anonymous_1)
FNDA:3,(anonymous_2)
FNDA:3,(anonymous_3)
DA:3,2
DA:4,2
DA:6,2
DA:7,3
DA:9,3
DA:11,3
DA:18,3
DA:19,0
DA:23,3
DA:26,3
DA:27,3
DA:32,3
DA:33,3
DA:34,3
DA:36,3
DA:39,3
DA:43,0
DA:47,3
LF:18
LH:16
BRDA:18,0,0,0
BRDA:18,0,1,3
BRDA:18,1,0,3
BRDA:18,1,1,3
BRDA:18,1,2,0
BRDA:34,2,0,3
BRDA:34,2,1,0
BRF:7
BRH:4
end_of_record
TN:
SF:/Users/hanhthaoluu/401/labs/lab-09-persistence/lib/router.js
FN:24,(anonymous_0)
FN:27,(anonymous_1)
FN:30,(anonymous_2)
FN:33,(anonymous_3)
FN:36,(anonymous_4)
FN:44,(anonymous_5)
FN:52,(anonymous_6)
FN:64,(anonymous_7)
FNF:8
FNH:5
FNDA:1,(anonymous_0)
FNDA:1,(anonymous_1)
FNDA:0,(anonymous_2)
FNDA:0,(anonymous_3)
FNDA:1,(anonymous_4)
FNDA:3,(anonymous_5)
FNDA:3,(anonymous_6)
FNDA:0,(anonymous_7)
DA:3,2
DA:12,2
DA:23,2
DA:25,1
DA:28,1
DA:31,0
DA:34,0
DA:37,1
DA:51,3
DA:54,3
DA:55,3
DA:56,3
DA:58,0
DA:59,0
DA:60,0
DA:65,0
DA:66,0
DA:67,0
LF:18
LH:10
BRDA:55,0,0,3
BRDA:55,0,1,0
BRF:2
BRH:1
end_of_record
TN:
SF:/Users/hanhthaoluu/401/labs/lab-09-persistence/lib/server.js
FN:16,(anonymous_0)
FN:17,(anonymous_1)
FN:19,(anonymous_2)
FN:33,(anonymous_3)
FN:34,(anonymous_4)
FN:38,(anonymous_5)
FNF:6
FNH:6
FNDA:1,(anonymous_0)
FNDA:1,(anonymous_1)
FNDA:1,(anonymous_2)
FNDA:1,(anonymous_3)
FNDA:1,(anonymous_4)
FNDA:1,(anonymous_5)
DA:3,1
DA:4,1
DA:5,1
DA:7,1
DA:10,1
DA:14,1
DA:17,1
DA:18,1
DA:19,1
DA:20,1
DA:21,0
DA:23,1
DA:24,1
DA:28,0
DA:34,1
DA:35,1
DA:36,0
DA:38,1
DA:39,1
DA:40,0
DA:42,1
DA:43,1
LF:22
LH:18
BRDA:18,0,0,1
BRDA:18,0,1,0
BRDA:20,1,0,0
BRDA:20,1,1,1
BRDA:35,2,0,0
BRDA:35,2,1,1
BRDA:39,3,0,0
BRDA:39,3,1,1
BRF:8
BRH:4
end_of_record
TN:
SF:/Users/hanhthaoluu/401/labs/lab-09-persistence/lib/storage.js
FN:8,(anonymous_0)
FN:12,(anonymous_1)
FN:15,(anonymous_2)
FN:19,(anonymous_3)
FN:20,(anonymous_4)
FN:23,(anonymous_5)
FN:27,(anonymous_6)
FN:31,(anonymous_7)
FN:32,(anonymous_8)
FN:34,(anonymous_9)
FN:37,(anonymous_10)
FN:38,(anonymous_11)
FN:40,(anonymous_12)
FN:44,(anonymous_13)
FN:45,(anonymous_14)
FN:50,(anonymous_15)
FN:54,(anonymous_16)
FN:55,(anonymous_17)
FN:60,(anonymous_18)
FN:65,(anonymous_19)
FNF:20
FNH:9
FNDA:3,(anonymous_0)
FNDA:3,(anonymous_1)
FNDA:3,(anonymous_2)
FNDA:0,(anonymous_3)
FNDA:0,(anonymous_4)
FNDA:0,(anonymous_5)
FNDA:0,(anonymous_6)
FNDA:3,(anonymous_7)
FNDA:3,(anonymous_8)
FNDA:3,(anonymous_9)
FNDA:2,(anonymous_10)
FNDA:0,(anonymous_11)
FNDA:1,(anonymous_12)
FNDA:0,(anonymous_13)
FNDA:0,(anonymous_14)
FNDA:0,(anonymous_15)
FNDA:0,(anonymous_16)
FNDA:0,(anonymous_17)
FNDA:0,(anonymous_18)
FNDA:3,(anonymous_19)
DA:4,3
DA:9,3
DA:10,3
DA:12,3
DA:16,3
DA:20,0
DA:21,0
DA:22,0
DA:24,0
DA:25,0
DA:27,0
DA:32,3
DA:33,3
DA:35,3
DA:36,2
DA:37,2
DA:38,0
DA:40,1
DA:45,0
DA:47,0
DA:49,0
DA:51,0
DA:52,0
DA:53,0
DA:54,0
DA:55,0
DA:57,0
DA:60,0
DA:65,3
LF:29
LH:12
BRDA:12,0,0,3
BRDA:12,0,1,0
BRDA:21,1,0,0
BRDA:21,1,1,0
BRDA:24,2,0,0
BRDA:24,2,1,0
BRDA:47,3,0,0
BRDA:47,3,1,0
BRDA:51,4,0,0
BRDA:51,4,1,0
BRF:10
BRH:1
end_of_record
TN:
SF:/Users/hanhthaoluu/401/labs/lab-09-persistence/model/note.js
FN:7,(anonymous_0)
FN:15,(anonymous_1)
FNF:2
FNH:1
FNDA:1,(anonymous_0)
FNDA:0,(anonymous_1)
DA:3,2
DA:8,1
DA:9,1
DA:10,1
DA:11,1
DA:16,0
DA:18,0
DA:22,2
LF:8
LH:6
BRDA:9,0,0,1
BRDA:9,0,1,0
BRDA:11,1,0,1
BRDA:11,1,1,0
BRF:4
BRH:2
end_of_record
TN:
SF:/Users/hanhthaoluu/401/labs/lab-09-persistence/model/noteHandlers.js
FN:15,(anonymous_0)
FN:27,(anonymous_1)
FN:28,(anonymous_2)
FN:31,(anonymous_3)
FN:37,(anonymous_4)
FN:38,(anonymous_5)
FN:41,(anonymous_6)
FN:42,(anonymous_7)
FN:46,(anonymous_8)
FN:53,(anonymous_9)
FNF:10
FNH:1
FNDA:2,(anonymous_0)
FNDA:0,(anonymous_1)
FNDA:0,(anonymous_2)
FNDA:0,(anonymous_3)
FNDA:0,(anonymous_4)
FNDA:0,(anonymous_5)
FNDA:0,(anonymous_6)
FNDA:0,(anonymous_7)
FNDA:0,(anonymous_8)
FNDA:0,(anonymous_9)
DA:3,1
DA:4,1
DA:5,1
DA:7,1
DA:11,1
DA:13,1
DA:15,1
DA:17,2
DA:18,2
DA:20,0
DA:21,0
DA:24,0
DA:26,0
DA:27,0
DA:28,0
DA:31,1
DA:33,0
DA:35,0
DA:36,0
DA:37,0
DA:38,0
DA:40,0
DA:41,0
DA:42,0
DA:46,1
DA:48,0
DA:50,0
DA:51,0
DA:53,0
LF:29
LH:11
BRDA:17,0,0,2
BRDA:17,0,1,0
BRDA:20,1,0,0
BRDA:20,1,1,0
BRDA:33,2,0,0
BRDA:33,2,1,0
BRDA:33,2,2,0
BRDA:35,3,0,0
BRDA:35,3,1,0
BRDA:48,4,0,0
BRDA:48,4,1,0
BRDA:48,4,2,0
BRDA:50,5,0,0
BRDA:50,5,1,0
BRF:14
BRH:1
end_of_record
TN:
SF:/Users/hanhthaoluu/401/labs/lab-09-persistence/model/noteRoute.js
FN:11,(anonymous_0)
FN:17,(anonymous_1)
FN:25,(anonymous_2)
FN:36,(anonymous_3)
FN:37,(anonymous_4)
FN:40,(anonymous_5)
FN:45,(anonymous_6)
FN:46,(anonymous_7)
FN:49,(anonymous_8)
FN:50,(anonymous_9)
FN:54,(anonymous_10)
FN:60,(anonymous_11)
FNF:12
FNH:4
FNDA:2,(anonymous_0)
FNDA:1,(anonymous_1)
FNDA:3,(anonymous_2)
FNDA:1,(anonymous_3)
FNDA:0,(anonymous_4)
FNDA:0,(anonymous_5)
FNDA:0,(anonymous_6)
FNDA:0,(anonymous_7)
FNDA:0,(anonymous_8)
FNDA:0,(anonymous_9)
FNDA:0,(anonymous_10)
FNDA:0,(anonymous_11)
DA:3,1
DA:4,1
DA:6,1
DA:7,1
DA:11,1
DA:12,2
DA:13,2
DA:14,2
DA:17,1
DA:18,1
DA:21,1
DA:25,1
DA:26,3
DA:27,1
DA:29,2
DA:30,1
DA:33,1
DA:35,1
DA:36,1
DA:37,0
DA:40,1
DA:41,0
DA:43,0
DA:44,0
DA:45,0
DA:46,0
DA:48,0
DA:49,0
DA:50,0
DA:54,1
DA:55,0
DA:57,0
DA:58,0
DA:60,0
LF:34
LH:21
BRDA:26,0,0,1
BRDA:26,0,1,2
BRDA:29,1,0,1
BRDA:29,1,1,1
BRDA:41,2,0,0
BRDA:41,2,1,0
BRDA:41,2,2,0
BRDA:43,3,0,0
BRDA:43,3,1,0
BRDA:55,4,0,0
BRDA:55,4,1,0
BRDA:55,4,2,0
BRDA:57,5,0,0
BRDA:57,5,1,0
BRF:14
BRH:4
end_of_record
